[debug] [2018-11-25T13:09:10.474Z] ----------------------------------------------------------------------
[debug] [2018-11-25T13:09:10.474Z] Command:       C:\Program Files\nodejs\node.exe C:\Users\yus\AppData\Roaming\npm\node_modules\firebase-tools\lib\bin\firebase.js init
[debug] [2018-11-25T13:09:10.474Z] CLI Version:   6.1.1
[debug] [2018-11-25T13:09:10.474Z] Platform:      win32
[debug] [2018-11-25T13:09:10.474Z] Node Version:  v8.11.3
[debug] [2018-11-25T13:09:10.474Z] Time:          Sun Nov 25 2018 18:39:10 GMT+0530 (India Standard Time)
[debug] [2018-11-25T13:09:10.474Z] ----------------------------------------------------------------------
[debug] 
[debug] [2018-11-25T13:09:10.484Z] > command requires scopes: ["email","openid","https://www.googleapis.com/auth/cloudplatformprojects.readonly","https://www.googleapis.com/auth/firebase","https://www.googleapis.com/auth/cloud-platform"]
[debug] [2018-11-25T13:09:10.484Z] > authorizing via signed-in user
[info] 
     ######## #### ########  ######## ########     ###     ######  ########
     ##        ##  ##     ## ##       ##     ##  ##   ##  ##       ##
     ######    ##  ########  ######   ########  #########  ######  ######
     ##        ##  ##    ##  ##       ##     ## ##     ##       ## ##
     ##       #### ##     ## ######## ########  ##     ##  ######  ########

You're about to initialize a Firebase project in this directory:

  C:\Users\yus\Documents\GitHub\adroit-pilot

[info] 
=== Project Setup
[info] 
[info] First, let's associate this project directory with a Firebase project.
[info] You can create multiple project aliases by running firebase use --add, 
[info] but for now we'll just set up a default project.
[info] 
[debug] [2018-11-25T13:09:32.508Z] > refreshing access token with scopes: ["email","https://www.googleapis.com/auth/cloud-platform","https://www.googleapis.com/auth/cloudplatformprojects.readonly","https://www.googleapis.com/auth/firebase","openid"]
[debug] [2018-11-25T13:09:32.508Z] >>> HTTP REQUEST POST https://www.googleapis.com/oauth2/v3/token  
 <request body omitted>
[debug] [2018-11-25T13:09:32.768Z] <<< HTTP RESPONSE 200
[debug] [2018-11-25T13:09:32.838Z] >>> HTTP REQUEST GET https://firebase.googleapis.com/v1beta1/projects?page_size=100  
 
[debug] [2018-11-25T13:09:34.158Z] <<< HTTP RESPONSE 200
